<?xml version="1.0" encoding="utf-8" standalone="no"?>
<!--This file represents the results of running a test suite-->
<test-results name="C:\Scripts\Veri 9.5\MobileLocal\Mobile\bin\Debug\MobileApp.dll" total="1" errors="0" failures="0" not-run="0" inconclusive="0" ignored="0" skipped="0" invalid="0" date="2017-10-05" time="15:17:14">
  <environment nunit-version="2.6.1.12217" clr-version="4.0.30319.42000" os-version="Microsoft Windows NT 6.2.9200.0" platform="Win32NT" cwd="C:\Scripts\Veri 9.5\MobileLocal\Mobile\bin\Debug" machine-name="LEHLOHONOLOMAC" user="bbdnet1454" user-domain="BBDNET" />
  <culture-info current-culture="en-US" current-uiculture="en-US" />
  <test-suite type="Assembly" name="C:\Scripts\Veri 9.5\MobileLocal\Mobile\bin\Debug\MobileApp.dll" executed="True" result="Success" success="True" time="44.236" asserts="0">
    <results>
      <test-suite type="TestFixture" name="Test" executed="True" result="Success" success="True" time="44.221" asserts="0">
        <results>
          <test-case name="Test.VerifyTest" executed="True" result="Success" success="True" time="44.212" asserts="0" />
        </results>
      </test-suite>
    </results>
  </test-suite>
</test-results>